[INIT] Sending handshake (attempt 1)...
[INIT OK] Device=3, Resume seq=0
[SINGLE] seq=1, value=21.52
[SINGLE] seq=2, value=24.08
[SINGLE] seq=3, value=22.41
[SINGLE] seq=4, value=23.00
[HEARTBEAT] seq=5
[SINGLE] seq=6, value=22.14
[BATCH COLLECTION] 24.33°C
[BATCH COLLECTION] 29.20°C
[BATCH] seq=7, count=2, values=[24.33, 29.2]
[SINGLE] seq=8, value=26.29
[SINGLE] seq=9, value=29.91
[HEARTBEAT] seq=10
[SINGLE] seq=11, value=27.99
[SINGLE] seq=12, value=28.22
[SINGLE] seq=13, value=21.59
[BATCH COLLECTION] 21.99°C
[BATCH] seq=14, count=1, values=[21.99]
[HEARTBEAT] seq=15
[SINGLE] seq=16, value=27.70
[SINGLE] seq=17, value=21.24
[SINGLE] seq=18, value=24.97
[SINGLE] seq=19, value=25.85
[HEARTBEAT] seq=20
[BATCH COLLECTION] 27.36°C
[BATCH COLLECTION] 22.00°C
[BATCH] seq=21, count=2, values=[27.36, 22.0]
[SINGLE] seq=22, value=25.54
[SINGLE] seq=23, value=24.29
[SINGLE] seq=24, value=29.32
[HEARTBEAT] seq=25
[SINGLE] seq=26, value=24.93
[SINGLE] seq=27, value=21.17
[BATCH COLLECTION] 27.40°C
[BATCH] seq=28, count=1, values=[27.4]
[SINGLE] seq=29, value=22.67
[HEARTBEAT] seq=30
[SINGLE] seq=31, value=27.52
[SINGLE] seq=32, value=27.25
[SINGLE] seq=33, value=28.87
[SINGLE] seq=34, value=26.73
[HEARTBEAT] seq=35
[SINGLE] seq=36, value=25.09
[SINGLE] seq=37, value=23.46
[SINGLE] seq=38, value=22.07
[SINGLE] seq=39, value=22.38
[HEARTBEAT] seq=40
[SINGLE] seq=41, value=24.63
[BATCH COLLECTION] 21.32°C
[BATCH] seq=42, count=1, values=[21.32]
[SINGLE] seq=43, value=25.03
[SINGLE] seq=44, value=22.12
[HEARTBEAT] seq=45
