[INIT] Sending handshake (attempt 1)...
[INIT OK] Device=2, Resume seq=0
[SINGLE] seq=1, value=23.95
[SINGLE] seq=2, value=24.92
[SINGLE] seq=3, value=22.22
[SINGLE] seq=4, value=26.01
[HEARTBEAT] seq=5
[SINGLE] seq=6, value=28.94
[BATCH COLLECTION] 29.11°C
[BATCH COLLECTION] 25.59°C
[BATCH] seq=7, count=2, values=[29.11, 25.59]
[SINGLE] seq=8, value=26.20
[SINGLE] seq=9, value=20.28
[HEARTBEAT] seq=10
[SINGLE] seq=11, value=26.07
[SINGLE] seq=12, value=28.32
[SINGLE] seq=13, value=29.96
[BATCH COLLECTION] 22.00°C
[BATCH COLLECTION] 22.25°C
[BATCH] seq=14, count=2, values=[22.0, 22.25]
[HEARTBEAT] seq=15
[SINGLE] seq=16, value=28.26
[SINGLE] seq=17, value=23.82
[SINGLE] seq=18, value=25.82
[SINGLE] seq=19, value=23.32
[HEARTBEAT] seq=20
[BATCH COLLECTION] 26.92°C
[BATCH COLLECTION] 20.72°C
[BATCH] seq=21, count=2, values=[26.92, 20.72]
