[INIT] Sending handshake (attempt 1)...
[INIT OK] Device=1, Resume seq=0
[SINGLE] seq=1, value=29.01
[SINGLE] seq=2, value=22.81
[SINGLE] seq=3, value=23.48
[SINGLE] seq=4, value=27.20
[HEARTBEAT] seq=5
[SINGLE] seq=6, value=20.09
[BATCH COLLECTION] 24.74°C
[BATCH COLLECTION] 22.55°C
[BATCH COLLECTION] 28.54°C
[BATCH] seq=7, count=3, values=[24.74, 22.55, 28.54]
[SINGLE] seq=8, value=20.35
[SINGLE] seq=9, value=28.69
[HEARTBEAT] seq=10
[SINGLE] seq=11, value=23.78
[SINGLE] seq=12, value=24.91
[SINGLE] seq=13, value=20.79
[BATCH COLLECTION] 23.84°C
[BATCH] seq=14, count=1, values=[23.84]
[HEARTBEAT] seq=15
[SINGLE] seq=16, value=27.29
[SINGLE] seq=17, value=21.12
[SINGLE] seq=18, value=24.87
[SINGLE] seq=19, value=26.31
[HEARTBEAT] seq=20
[BATCH COLLECTION] 21.17°C
[BATCH COLLECTION] 28.66°C
[BATCH COLLECTION] 25.01°C
[BATCH] seq=21, count=3, values=[21.17, 28.66, 25.01]
[SINGLE] seq=22, value=23.77
[SINGLE] seq=23, value=22.92
[SINGLE] seq=24, value=27.89
[HEARTBEAT] seq=25
[SINGLE] seq=26, value=27.30
[SINGLE] seq=27, value=25.72
[BATCH COLLECTION] 25.79°C
[BATCH] seq=28, count=1, values=[25.79]
[SINGLE] seq=29, value=24.70
[HEARTBEAT] seq=30
[SINGLE] seq=31, value=29.04
[SINGLE] seq=32, value=28.17
[SINGLE] seq=33, value=23.85
[SINGLE] seq=34, value=21.55
[HEARTBEAT] seq=35
[SINGLE] seq=36, value=29.37
[SINGLE] seq=37, value=24.10
[SINGLE] seq=38, value=20.39
[SINGLE] seq=39, value=24.97
[HEARTBEAT] seq=40
[SINGLE] seq=41, value=23.44
[BATCH COLLECTION] 25.35°C
[BATCH] seq=42, count=1, values=[25.35]
[SINGLE] seq=43, value=23.82
